0 info it worked if it ends with ok
1 verbose cli [ '/home/ec2-user/.nvm/versions/node/v6.14.4/bin/node',
1 verbose cli   '/home/ec2-user/.nvm/versions/node/v6.14.4/bin/npm',
1 verbose cli   'run',
1 verbose cli   'start:dev' ]
2 info using npm@3.10.10
3 info using node@v6.14.4
4 verbose run-script [ 'prestart:dev', 'start:dev', 'poststart:dev' ]
5 info lifecycle backend@0.0.0~prestart:dev: backend@0.0.0
6 silly lifecycle backend@0.0.0~prestart:dev: no script for prestart:dev, continuing
7 info lifecycle backend@0.0.0~start:dev: backend@0.0.0
8 verbose lifecycle backend@0.0.0~start:dev: unsafe-perm in lifecycle true
9 verbose lifecycle backend@0.0.0~start:dev: PATH: /home/ec2-user/.nvm/versions/node/v6.14.4/lib/node_modules/npm/bin/node-gyp-bin:/home/ec2-user/environment/backend/node_modules/.bin:/home/ec2-user/.nvm/versions/node/v6.14.4/bin:/usr/local/rvm/gems/ruby-2.4.1/bin:/usr/local/rvm/gems/ruby-2.4.1@global/bin:/usr/local/rvm/rubies/ruby-2.4.1/bin:/usr/local/bin:/bin:/usr/bin:/home/ec2-user/.local/bin:/home/ec2-user/bin:/usr/local/sbin:/usr/sbin:/sbin:/opt/aws/bin:/usr/local/rvm/bin:/home/ec2-user/.local/bin:/home/ec2-user/bin:/home/ec2-user/.local/bin:/home/ec2-user/bin
10 verbose lifecycle backend@0.0.0~start:dev: CWD: /home/ec2-user/environment/backend
11 silly lifecycle backend@0.0.0~start:dev: Args: [ '-c', 'nodemon' ]
12 silly lifecycle backend@0.0.0~start:dev: Returned: code: 1  signal: null
13 info lifecycle backend@0.0.0~start:dev: Failed to exec start:dev script
14 verbose stack Error: backend@0.0.0 start:dev: `nodemon`
14 verbose stack Exit status 1
14 verbose stack     at EventEmitter.<anonymous> (/home/ec2-user/.nvm/versions/node/v6.14.4/lib/node_modules/npm/lib/utils/lifecycle.js:255:16)
14 verbose stack     at emitTwo (events.js:106:13)
14 verbose stack     at EventEmitter.emit (events.js:191:7)
14 verbose stack     at ChildProcess.<anonymous> (/home/ec2-user/.nvm/versions/node/v6.14.4/lib/node_modules/npm/lib/utils/spawn.js:40:14)
14 verbose stack     at emitTwo (events.js:106:13)
14 verbose stack     at ChildProcess.emit (events.js:191:7)
14 verbose stack     at maybeClose (internal/child_process.js:920:16)
14 verbose stack     at Process.ChildProcess._handle.onexit (internal/child_process.js:230:5)
15 verbose pkgid backend@0.0.0
16 verbose cwd /home/ec2-user/environment/backend
17 error Linux 4.14.72-68.55.amzn1.x86_64
18 error argv "/home/ec2-user/.nvm/versions/node/v6.14.4/bin/node" "/home/ec2-user/.nvm/versions/node/v6.14.4/bin/npm" "run" "start:dev"
19 error node v6.14.4
20 error npm  v3.10.10
21 error code ELIFECYCLE
22 error backend@0.0.0 start:dev: `nodemon`
22 error Exit status 1
23 error Failed at the backend@0.0.0 start:dev script 'nodemon'.
23 error Make sure you have the latest version of node.js and npm installed.
23 error If you do, this is most likely a problem with the backend package,
23 error not with npm itself.
23 error Tell the author that this fails on your system:
23 error     nodemon
23 error You can get information on how to open an issue for this project with:
23 error     npm bugs backend
23 error Or if that isn't available, you can get their info via:
23 error     npm owner ls backend
23 error There is likely additional logging output above.
24 verbose exit [ 1, true ]
